2019-04-30 17:32:40.714  INFO 12196 --- [main] com.carbybus.cove.api.ApiApplication     : Starting ApiApplication on zhangjianmin with PID 12196 (D:\Projects\Cove\cove-api\target\classes started by Jimmy in D:\Projects\cove)
2019-04-30 17:32:40.714  INFO 12196 --- [main] com.carbybus.cove.api.ApiApplication     : The following profiles are active: h2
2019-04-30 17:32:45.132  INFO 12196 --- [main] trationDelegate$BeanPostProcessorChecker : Bean 'org.springframework.transaction.annotation.ProxyTransactionManagementConfiguration' of type [org.springframework.transaction.annotation.ProxyTransactionManagementConfiguration$$EnhancerBySpringCGLIB$$3dafff74] is not eligible for getting processed by all BeanPostProcessors (for example: not eligible for auto-proxying)
2019-04-30 17:32:46.069  INFO 12196 --- [main] o.s.b.w.embedded.tomcat.TomcatWebServer  : Tomcat initialized with port(s): 8088 (http)
2019-04-30 17:32:46.116  INFO 12196 --- [main] o.apache.catalina.core.StandardService   : Starting service [Tomcat]
2019-04-30 17:32:46.116  INFO 12196 --- [main] org.apache.catalina.core.StandardEngine  : Starting Servlet engine: [Apache Tomcat/9.0.16]
2019-04-30 17:32:46.132  INFO 12196 --- [main] o.a.catalina.core.AprLifecycleListener   : The APR based Apache Tomcat Native library which allows optimal performance in production environments was not found on the java.library.path: [C:\Program Files\Java\jdk1.8.0_152\bin;C:\WINDOWS\Sun\Java\bin;C:\WINDOWS\system32;C:\WINDOWS;C:\Program Files (x86)\NetSarang\Xshell 6\;C:\ProgramData\Oracle\Java\javapath;C:\WINDOWS\system32;C:\WINDOWS;C:\WINDOWS\System32\Wbem;C:\WINDOWS\System32\WindowsPowerShell\v1.0\;C:\Program Files\Microsoft SQL Server\130\Tools\Binn\;C:\Program Files\Microsoft SQL Server\120\Tools\Binn\;C:\Program Files\Microsoft SQL Server\Client SDK\ODBC\110\Tools\Binn\;C:\Program Files (x86)\Microsoft SQL Server\120\Tools\Binn\;C:\Program Files\Microsoft SQL Server\120\DTS\Binn\;C:\Program Files (x86)\Microsoft SQL Server\120\Tools\Binn\ManagementStudio\;C:\Program Files (x86)\Microsoft SQL Server\120\DTS\Binn\;C:\Program Files\dotnet\;C:\Program Files\Git\cmd;C:\Program Files (x86)\dotnet\;C:\WINDOWS\System32\OpenSSH\;C:\Program Files\nodejs\;C:\Users\Jimmy\.dnx\bin;C:\Users\Jimmy\AppData\Local\Microsoft\WindowsApps;C:\Users\Jimmy\AppData\Local\Programs\Fiddler;C:\Users\Jimmy\AppData\Local\Microsoft\WindowsApps;C:\Program Files\Java\jdk1.8.0_152\bin;C:\Program Files\Microsoft VS Code\bin;C:\Program Files\cmder;C:\Program Files\Java\spring-boot-cli-2.0.3\bin;C:\Users\Jimmy\AppData\Local\Programs\Microsoft VS Code\bin;C:\apache-maven-3.6.1\bin;C:\Users\Jimmy\AppData\Roaming\npm;;.]
2019-04-30 17:32:46.444  INFO 12196 --- [main] o.a.c.c.C.[Tomcat].[localhost].[/]       : Initializing Spring embedded WebApplicationContext
2019-04-30 17:32:46.444  INFO 12196 --- [main] o.s.web.context.ContextLoader            : Root WebApplicationContext: initialization completed in 5558 ms
2019-04-30 17:32:47.085  INFO 12196 --- [main] com.zaxxer.hikari.HikariDataSource       : HikariPool-1 - Starting...
2019-04-30 17:32:47.303  INFO 12196 --- [main] com.zaxxer.hikari.HikariDataSource       : HikariPool-1 - Start completed.
2019-04-30 17:32:48.835  INFO 12196 --- [main] pertySourcedRequestMappingHandlerMapping : Mapped URL path [/v2/api-docs] onto method [public org.springframework.http.ResponseEntity<springfox.documentation.spring.web.json.Json> springfox.documentation.swagger2.web.Swagger2Controller.getDocumentation(java.lang.String,javax.servlet.http.HttpServletRequest)]
2019-04-30 17:32:49.256  INFO 12196 --- [main] o.s.s.concurrent.ThreadPoolTaskExecutor  : Initializing ExecutorService 'applicationTaskExecutor'
2019-04-30 17:32:49.741  INFO 12196 --- [main] d.s.w.p.DocumentationPluginsBootstrapper : Context refreshed
2019-04-30 17:32:49.772  INFO 12196 --- [main] d.s.w.p.DocumentationPluginsBootstrapper : Found 1 custom documentation plugin(s)
2019-04-30 17:32:49.850  INFO 12196 --- [main] s.d.s.w.s.ApiListingReferenceScanner     : Scanning for api listing references
2019-04-30 17:32:50.178  INFO 12196 --- [main] o.s.b.w.embedded.tomcat.TomcatWebServer  : Tomcat started on port(s): 8088 (http) with context path ''
2019-04-30 17:32:50.194  INFO 12196 --- [main] com.carbybus.cove.api.ApiApplication     : Started ApiApplication in 10.402 seconds (JVM running for 12.551)
2019-04-30 17:33:05.677  INFO 12196 --- [http-nio-8088-exec-5] o.a.c.c.C.[Tomcat].[localhost].[/]       : Initializing Spring DispatcherServlet 'dispatcherServlet'
2019-04-30 17:33:05.677  INFO 12196 --- [http-nio-8088-exec-5] o.s.web.servlet.DispatcherServlet        : Initializing Servlet 'dispatcherServlet'
2019-04-30 17:33:05.708  INFO 12196 --- [http-nio-8088-exec-5] o.s.web.servlet.DispatcherServlet        : Completed initialization in 31 ms
2019-04-30 17:36:00.617  INFO 2648 --- [main] com.carbybus.cove.api.ApiApplication     : Starting ApiApplication on zhangjianmin with PID 2648 (D:\Projects\Cove\cove-api\target\classes started by Jimmy in D:\Projects\cove)
2019-04-30 17:36:00.632  INFO 2648 --- [main] com.carbybus.cove.api.ApiApplication     : The following profiles are active: h2
2019-04-30 17:36:04.038  INFO 2648 --- [main] trationDelegate$BeanPostProcessorChecker : Bean 'org.springframework.transaction.annotation.ProxyTransactionManagementConfiguration' of type [org.springframework.transaction.annotation.ProxyTransactionManagementConfiguration$$EnhancerBySpringCGLIB$$c41ba62b] is not eligible for getting processed by all BeanPostProcessors (for example: not eligible for auto-proxying)
2019-04-30 17:36:04.788  INFO 2648 --- [main] o.s.b.w.embedded.tomcat.TomcatWebServer  : Tomcat initialized with port(s): 8088 (http)
2019-04-30 17:36:04.835  INFO 2648 --- [main] o.apache.catalina.core.StandardService   : Starting service [Tomcat]
2019-04-30 17:36:04.835  INFO 2648 --- [main] org.apache.catalina.core.StandardEngine  : Starting Servlet engine: [Apache Tomcat/9.0.16]
2019-04-30 17:36:04.851  INFO 2648 --- [main] o.a.catalina.core.AprLifecycleListener   : The APR based Apache Tomcat Native library which allows optimal performance in production environments was not found on the java.library.path: [C:\Program Files\Java\jdk1.8.0_152\bin;C:\WINDOWS\Sun\Java\bin;C:\WINDOWS\system32;C:\WINDOWS;C:\Program Files (x86)\NetSarang\Xshell 6\;C:\ProgramData\Oracle\Java\javapath;C:\WINDOWS\system32;C:\WINDOWS;C:\WINDOWS\System32\Wbem;C:\WINDOWS\System32\WindowsPowerShell\v1.0\;C:\Program Files\Microsoft SQL Server\130\Tools\Binn\;C:\Program Files\Microsoft SQL Server\120\Tools\Binn\;C:\Program Files\Microsoft SQL Server\Client SDK\ODBC\110\Tools\Binn\;C:\Program Files (x86)\Microsoft SQL Server\120\Tools\Binn\;C:\Program Files\Microsoft SQL Server\120\DTS\Binn\;C:\Program Files (x86)\Microsoft SQL Server\120\Tools\Binn\ManagementStudio\;C:\Program Files (x86)\Microsoft SQL Server\120\DTS\Binn\;C:\Program Files\dotnet\;C:\Program Files\Git\cmd;C:\Program Files (x86)\dotnet\;C:\WINDOWS\System32\OpenSSH\;C:\Program Files\nodejs\;C:\Users\Jimmy\.dnx\bin;C:\Users\Jimmy\AppData\Local\Microsoft\WindowsApps;C:\Users\Jimmy\AppData\Local\Programs\Fiddler;C:\Users\Jimmy\AppData\Local\Microsoft\WindowsApps;C:\Program Files\Java\jdk1.8.0_152\bin;C:\Program Files\Microsoft VS Code\bin;C:\Program Files\cmder;C:\Program Files\Java\spring-boot-cli-2.0.3\bin;C:\Users\Jimmy\AppData\Local\Programs\Microsoft VS Code\bin;C:\apache-maven-3.6.1\bin;C:\Users\Jimmy\AppData\Roaming\npm;;.]
2019-04-30 17:36:05.179  INFO 2648 --- [main] o.a.c.c.C.[Tomcat].[localhost].[/]       : Initializing Spring embedded WebApplicationContext
2019-04-30 17:36:05.179  INFO 2648 --- [main] o.s.web.context.ContextLoader            : Root WebApplicationContext: initialization completed in 4437 ms
2019-04-30 17:36:05.647  INFO 2648 --- [main] com.zaxxer.hikari.HikariDataSource       : HikariPool-1 - Starting...
2019-04-30 17:36:05.866  INFO 2648 --- [main] com.zaxxer.hikari.HikariDataSource       : HikariPool-1 - Start completed.
2019-04-30 17:36:07.163  INFO 2648 --- [main] pertySourcedRequestMappingHandlerMapping : Mapped URL path [/v2/api-docs] onto method [public org.springframework.http.ResponseEntity<springfox.documentation.spring.web.json.Json> springfox.documentation.swagger2.web.Swagger2Controller.getDocumentation(java.lang.String,javax.servlet.http.HttpServletRequest)]
2019-04-30 17:36:07.382  INFO 2648 --- [main] o.s.s.concurrent.ThreadPoolTaskExecutor  : Initializing ExecutorService 'applicationTaskExecutor'
2019-04-30 17:36:07.882  INFO 2648 --- [main] d.s.w.p.DocumentationPluginsBootstrapper : Context refreshed
2019-04-30 17:36:07.913  INFO 2648 --- [main] d.s.w.p.DocumentationPluginsBootstrapper : Found 1 custom documentation plugin(s)
2019-04-30 17:36:07.975  INFO 2648 --- [main] s.d.s.w.s.ApiListingReferenceScanner     : Scanning for api listing references
2019-04-30 17:36:08.288  INFO 2648 --- [main] o.s.b.w.embedded.tomcat.TomcatWebServer  : Tomcat started on port(s): 8088 (http) with context path ''
2019-04-30 17:36:08.304  INFO 2648 --- [main] com.carbybus.cove.api.ApiApplication     : Started ApiApplication in 8.594 seconds (JVM running for 10.829)
2019-04-30 17:43:04.312  INFO 2964 --- [main] com.carbybus.cove.api.ApiApplication     : Starting ApiApplication on zhangjianmin with PID 2964 (D:\Projects\Cove\cove-api\target\classes started by Jimmy in D:\Projects\cove)
2019-04-30 17:43:04.312  INFO 2964 --- [main] com.carbybus.cove.api.ApiApplication     : The following profiles are active: h2
2019-04-30 17:43:08.953  INFO 2964 --- [main] trationDelegate$BeanPostProcessorChecker : Bean 'org.springframework.transaction.annotation.ProxyTransactionManagementConfiguration' of type [org.springframework.transaction.annotation.ProxyTransactionManagementConfiguration$$EnhancerBySpringCGLIB$$30510d] is not eligible for getting processed by all BeanPostProcessors (for example: not eligible for auto-proxying)
2019-04-30 17:43:09.718  INFO 2964 --- [main] o.s.b.w.embedded.tomcat.TomcatWebServer  : Tomcat initialized with port(s): 8088 (http)
2019-04-30 17:43:09.937  INFO 2964 --- [main] o.apache.catalina.core.StandardService   : Starting service [Tomcat]
2019-04-30 17:43:09.937  INFO 2964 --- [main] org.apache.catalina.core.StandardEngine  : Starting Servlet engine: [Apache Tomcat/9.0.16]
2019-04-30 17:43:09.952  INFO 2964 --- [main] o.a.catalina.core.AprLifecycleListener   : The APR based Apache Tomcat Native library which allows optimal performance in production environments was not found on the java.library.path: [C:\Program Files\Java\jdk1.8.0_152\bin;C:\WINDOWS\Sun\Java\bin;C:\WINDOWS\system32;C:\WINDOWS;C:\Program Files (x86)\NetSarang\Xshell 6\;C:\ProgramData\Oracle\Java\javapath;C:\WINDOWS\system32;C:\WINDOWS;C:\WINDOWS\System32\Wbem;C:\WINDOWS\System32\WindowsPowerShell\v1.0\;C:\Program Files\Microsoft SQL Server\130\Tools\Binn\;C:\Program Files\Microsoft SQL Server\120\Tools\Binn\;C:\Program Files\Microsoft SQL Server\Client SDK\ODBC\110\Tools\Binn\;C:\Program Files (x86)\Microsoft SQL Server\120\Tools\Binn\;C:\Program Files\Microsoft SQL Server\120\DTS\Binn\;C:\Program Files (x86)\Microsoft SQL Server\120\Tools\Binn\ManagementStudio\;C:\Program Files (x86)\Microsoft SQL Server\120\DTS\Binn\;C:\Program Files\dotnet\;C:\Program Files\Git\cmd;C:\Program Files (x86)\dotnet\;C:\WINDOWS\System32\OpenSSH\;C:\Program Files\nodejs\;C:\Users\Jimmy\.dnx\bin;C:\Users\Jimmy\AppData\Local\Microsoft\WindowsApps;C:\Users\Jimmy\AppData\Local\Programs\Fiddler;C:\Users\Jimmy\AppData\Local\Microsoft\WindowsApps;C:\Program Files\Java\jdk1.8.0_152\bin;C:\Program Files\Microsoft VS Code\bin;C:\Program Files\cmder;C:\Program Files\Java\spring-boot-cli-2.0.3\bin;C:\Users\Jimmy\AppData\Local\Programs\Microsoft VS Code\bin;C:\apache-maven-3.6.1\bin;C:\Users\Jimmy\AppData\Roaming\npm;;.]
2019-04-30 17:43:10.281  INFO 2964 --- [main] o.a.c.c.C.[Tomcat].[localhost].[/]       : Initializing Spring embedded WebApplicationContext
2019-04-30 17:43:10.281  INFO 2964 --- [main] o.s.web.context.ContextLoader            : Root WebApplicationContext: initialization completed in 5656 ms
2019-04-30 17:43:10.968  INFO 2964 --- [main] com.zaxxer.hikari.HikariDataSource       : HikariPool-1 - Starting...
2019-04-30 17:43:11.421  INFO 2964 --- [main] com.zaxxer.hikari.HikariDataSource       : HikariPool-1 - Start completed.
2019-04-30 17:43:13.312  INFO 2964 --- [main] pertySourcedRequestMappingHandlerMapping : Mapped URL path [/v2/api-docs] onto method [public org.springframework.http.ResponseEntity<springfox.documentation.spring.web.json.Json> springfox.documentation.swagger2.web.Swagger2Controller.getDocumentation(java.lang.String,javax.servlet.http.HttpServletRequest)]
2019-04-30 17:43:13.827  INFO 2964 --- [main] o.s.s.concurrent.ThreadPoolTaskExecutor  : Initializing ExecutorService 'applicationTaskExecutor'
2019-04-30 17:43:14.780  INFO 2964 --- [main] d.s.w.p.DocumentationPluginsBootstrapper : Context refreshed
2019-04-30 17:43:14.843  INFO 2964 --- [main] d.s.w.p.DocumentationPluginsBootstrapper : Found 1 custom documentation plugin(s)
2019-04-30 17:43:14.905  INFO 2964 --- [main] s.d.s.w.s.ApiListingReferenceScanner     : Scanning for api listing references
2019-04-30 17:43:15.358  INFO 2964 --- [main] o.s.b.w.embedded.tomcat.TomcatWebServer  : Tomcat started on port(s): 8088 (http) with context path ''
2019-04-30 17:43:15.374  INFO 2964 --- [main] com.carbybus.cove.api.ApiApplication     : Started ApiApplication in 12.577 seconds (JVM running for 16.774)
2019-04-30 17:43:34.131  INFO 2964 --- [http-nio-8088-exec-4] o.a.c.c.C.[Tomcat].[localhost].[/]       : Initializing Spring DispatcherServlet 'dispatcherServlet'
2019-04-30 17:43:34.131  INFO 2964 --- [http-nio-8088-exec-4] o.s.web.servlet.DispatcherServlet        : Initializing Servlet 'dispatcherServlet'
2019-04-30 17:43:34.147  INFO 2964 --- [http-nio-8088-exec-4] o.s.web.servlet.DispatcherServlet        : Completed initialization in 16 ms
