2019-04-29 09:57:48.692  INFO 7424 --- [main] com.carbybus.cove.api.ApiApplication     : Starting ApiApplication on zhangjianmin with PID 7424 (D:\Projects\Cove\cove-api\target\classes started by Jimmy in D:\Projects\cove)
2019-04-29 09:57:48.692  INFO 7424 --- [main] com.carbybus.cove.api.ApiApplication     : The following profiles are active: sharding
2019-04-29 09:57:52.714  INFO 7424 --- [main] trationDelegate$BeanPostProcessorChecker : Bean 'org.springframework.transaction.annotation.ProxyTransactionManagementConfiguration' of type [org.springframework.transaction.annotation.ProxyTransactionManagementConfiguration$$EnhancerBySpringCGLIB$$a627563d] is not eligible for getting processed by all BeanPostProcessors (for example: not eligible for auto-proxying)
2019-04-29 09:57:54.024  INFO 7424 --- [main] o.s.b.w.embedded.tomcat.TomcatWebServer  : Tomcat initialized with port(s): 8088 (http)
2019-04-29 09:57:54.084  INFO 7424 --- [main] o.apache.catalina.core.StandardService   : Starting service [Tomcat]
2019-04-29 09:57:54.084  INFO 7424 --- [main] org.apache.catalina.core.StandardEngine  : Starting Servlet engine: [Apache Tomcat/9.0.16]
2019-04-29 09:57:54.116  INFO 7424 --- [main] o.a.catalina.core.AprLifecycleListener   : The APR based Apache Tomcat Native library which allows optimal performance in production environments was not found on the java.library.path: [C:\Program Files\Java\jdk1.8.0_152\bin;C:\WINDOWS\Sun\Java\bin;C:\WINDOWS\system32;C:\WINDOWS;C:\Program Files (x86)\NetSarang\Xshell 6\;C:\ProgramData\Oracle\Java\javapath;C:\WINDOWS\system32;C:\WINDOWS;C:\WINDOWS\System32\Wbem;C:\WINDOWS\System32\WindowsPowerShell\v1.0\;C:\Program Files\Microsoft SQL Server\130\Tools\Binn\;C:\Program Files\Microsoft SQL Server\120\Tools\Binn\;C:\Program Files\Microsoft SQL Server\Client SDK\ODBC\110\Tools\Binn\;C:\Program Files (x86)\Microsoft SQL Server\120\Tools\Binn\;C:\Program Files\Microsoft SQL Server\120\DTS\Binn\;C:\Program Files (x86)\Microsoft SQL Server\120\Tools\Binn\ManagementStudio\;C:\Program Files (x86)\Microsoft SQL Server\120\DTS\Binn\;C:\Program Files\dotnet\;C:\Program Files\Git\cmd;C:\Program Files (x86)\dotnet\;C:\WINDOWS\System32\OpenSSH\;C:\Program Files\nodejs\;C:\Users\Jimmy\.dnx\bin;C:\Users\Jimmy\AppData\Local\Microsoft\WindowsApps;C:\Users\Jimmy\AppData\Local\Programs\Fiddler;C:\Users\Jimmy\AppData\Local\Microsoft\WindowsApps;C:\Program Files\Java\jdk1.8.0_152\bin;C:\Program Files\Microsoft VS Code\bin;C:\Program Files\cmder;C:\Program Files\Java\spring-boot-cli-2.0.3\bin;C:\Users\Jimmy\AppData\Local\Programs\Microsoft VS Code\bin;C:\apache-maven-3.6.1\bin;C:\Users\Jimmy\AppData\Roaming\npm;;.]
2019-04-29 09:57:54.432  INFO 7424 --- [main] o.a.c.c.C.[Tomcat].[localhost].[/]       : Initializing Spring embedded WebApplicationContext
2019-04-29 09:57:54.432  INFO 7424 --- [main] o.s.web.context.ContextLoader            : Root WebApplicationContext: initialization completed in 5223 ms
2019-04-29 09:57:55.324  INFO 7424 --- [main] com.zaxxer.hikari.HikariDataSource       : ds_master - Starting...
2019-04-29 09:57:55.678  INFO 7424 --- [main] com.zaxxer.hikari.HikariDataSource       : ds_master - Start completed.
2019-04-29 09:57:55.695  INFO 7424 --- [main] com.zaxxer.hikari.HikariDataSource       : ds_slave1 - Starting...
2019-04-29 09:57:55.719  INFO 7424 --- [main] com.zaxxer.hikari.HikariDataSource       : ds_slave1 - Start completed.
2019-04-29 09:57:58.788  INFO 7424 --- [main] pertySourcedRequestMappingHandlerMapping : Mapped URL path [/v2/api-docs] onto method [public org.springframework.http.ResponseEntity<springfox.documentation.spring.web.json.Json> springfox.documentation.swagger2.web.Swagger2Controller.getDocumentation(java.lang.String,javax.servlet.http.HttpServletRequest)]
2019-04-29 09:57:59.429  INFO 7424 --- [main] d.s.w.p.DocumentationPluginsBootstrapper : Context refreshed
2019-04-29 09:57:59.455  INFO 7424 --- [main] d.s.w.p.DocumentationPluginsBootstrapper : Found 1 custom documentation plugin(s)
2019-04-29 09:57:59.505  INFO 7424 --- [main] s.d.s.w.s.ApiListingReferenceScanner     : Scanning for api listing references
2019-04-29 09:57:59.630  INFO 7424 --- [main] com.zaxxer.hikari.HikariDataSource       : ds_master - Shutdown initiated...
2019-04-29 09:57:59.642  INFO 7424 --- [main] com.zaxxer.hikari.HikariDataSource       : ds_master - Shutdown completed.
2019-04-29 09:57:59.642  INFO 7424 --- [main] com.zaxxer.hikari.HikariDataSource       : ds_slave1 - Shutdown initiated...
2019-04-29 09:57:59.670  INFO 7424 --- [main] com.zaxxer.hikari.HikariDataSource       : ds_slave1 - Shutdown completed.
2019-04-29 09:57:59.675  INFO 7424 --- [main] o.apache.catalina.core.StandardService   : Stopping service [Tomcat]
2019-04-29 10:19:43.100  INFO 10408 --- [main] com.carbybus.cove.api.ApiApplication     : Starting ApiApplication on zhangjianmin with PID 10408 (D:\Projects\Cove\cove-api\target\classes started by Jimmy in D:\Projects\cove)
2019-04-29 10:19:43.100  INFO 10408 --- [main] com.carbybus.cove.api.ApiApplication     : The following profiles are active: sharding
2019-04-29 10:19:46.531  INFO 10408 --- [main] trationDelegate$BeanPostProcessorChecker : Bean 'org.springframework.transaction.annotation.ProxyTransactionManagementConfiguration' of type [org.springframework.transaction.annotation.ProxyTransactionManagementConfiguration$$EnhancerBySpringCGLIB$$d1460e9a] is not eligible for getting processed by all BeanPostProcessors (for example: not eligible for auto-proxying)
2019-04-29 10:19:47.753  INFO 10408 --- [main] o.s.b.w.embedded.tomcat.TomcatWebServer  : Tomcat initialized with port(s): 8088 (http)
2019-04-29 10:19:47.800  INFO 10408 --- [main] o.apache.catalina.core.StandardService   : Starting service [Tomcat]
2019-04-29 10:19:47.800  INFO 10408 --- [main] org.apache.catalina.core.StandardEngine  : Starting Servlet engine: [Apache Tomcat/9.0.16]
2019-04-29 10:19:47.816  INFO 10408 --- [main] o.a.catalina.core.AprLifecycleListener   : The APR based Apache Tomcat Native library which allows optimal performance in production environments was not found on the java.library.path: [C:\Program Files\Java\jdk1.8.0_152\bin;C:\WINDOWS\Sun\Java\bin;C:\WINDOWS\system32;C:\WINDOWS;C:\Program Files (x86)\NetSarang\Xshell 6\;C:\ProgramData\Oracle\Java\javapath;C:\WINDOWS\system32;C:\WINDOWS;C:\WINDOWS\System32\Wbem;C:\WINDOWS\System32\WindowsPowerShell\v1.0\;C:\Program Files\Microsoft SQL Server\130\Tools\Binn\;C:\Program Files\Microsoft SQL Server\120\Tools\Binn\;C:\Program Files\Microsoft SQL Server\Client SDK\ODBC\110\Tools\Binn\;C:\Program Files (x86)\Microsoft SQL Server\120\Tools\Binn\;C:\Program Files\Microsoft SQL Server\120\DTS\Binn\;C:\Program Files (x86)\Microsoft SQL Server\120\Tools\Binn\ManagementStudio\;C:\Program Files (x86)\Microsoft SQL Server\120\DTS\Binn\;C:\Program Files\dotnet\;C:\Program Files\Git\cmd;C:\Program Files (x86)\dotnet\;C:\WINDOWS\System32\OpenSSH\;C:\Program Files\nodejs\;C:\Users\Jimmy\.dnx\bin;C:\Users\Jimmy\AppData\Local\Microsoft\WindowsApps;C:\Users\Jimmy\AppData\Local\Programs\Fiddler;C:\Users\Jimmy\AppData\Local\Microsoft\WindowsApps;C:\Program Files\Java\jdk1.8.0_152\bin;C:\Program Files\Microsoft VS Code\bin;C:\Program Files\cmder;C:\Program Files\Java\spring-boot-cli-2.0.3\bin;C:\Users\Jimmy\AppData\Local\Programs\Microsoft VS Code\bin;C:\apache-maven-3.6.1\bin;C:\Users\Jimmy\AppData\Roaming\npm;;.]
2019-04-29 10:19:48.054  INFO 10408 --- [main] o.a.c.c.C.[Tomcat].[localhost].[/]       : Initializing Spring embedded WebApplicationContext
2019-04-29 10:19:48.054  INFO 10408 --- [main] o.s.web.context.ContextLoader            : Root WebApplicationContext: initialization completed in 4360 ms
2019-04-29 10:19:48.883  INFO 10408 --- [main] com.zaxxer.hikari.HikariDataSource       : ds_master - Starting...
2019-04-29 10:19:49.271  INFO 10408 --- [main] com.zaxxer.hikari.HikariDataSource       : ds_master - Start completed.
2019-04-29 10:19:49.303  INFO 10408 --- [main] com.zaxxer.hikari.HikariDataSource       : ds_slave1 - Starting...
2019-04-29 10:19:49.318  INFO 10408 --- [main] com.zaxxer.hikari.HikariDataSource       : ds_slave1 - Start completed.
2019-04-29 10:19:52.233  INFO 10408 --- [main] pertySourcedRequestMappingHandlerMapping : Mapped URL path [/v2/api-docs] onto method [public org.springframework.http.ResponseEntity<springfox.documentation.spring.web.json.Json> springfox.documentation.swagger2.web.Swagger2Controller.getDocumentation(java.lang.String,javax.servlet.http.HttpServletRequest)]
2019-04-29 10:19:52.742  INFO 10408 --- [main] d.s.w.p.DocumentationPluginsBootstrapper : Context refreshed
2019-04-29 10:19:52.758  INFO 10408 --- [main] d.s.w.p.DocumentationPluginsBootstrapper : Found 1 custom documentation plugin(s)
2019-04-29 10:19:52.852  INFO 10408 --- [main] s.d.s.w.s.ApiListingReferenceScanner     : Scanning for api listing references
2019-04-29 10:19:53.006  INFO 10408 --- [main] com.zaxxer.hikari.HikariDataSource       : ds_master - Shutdown initiated...
2019-04-29 10:19:53.017  INFO 10408 --- [main] com.zaxxer.hikari.HikariDataSource       : ds_master - Shutdown completed.
2019-04-29 10:19:53.017  INFO 10408 --- [main] com.zaxxer.hikari.HikariDataSource       : ds_slave1 - Shutdown initiated...
2019-04-29 10:19:53.021  INFO 10408 --- [main] com.zaxxer.hikari.HikariDataSource       : ds_slave1 - Shutdown completed.
2019-04-29 10:19:53.052  INFO 10408 --- [main] o.apache.catalina.core.StandardService   : Stopping service [Tomcat]
2019-04-29 10:22:36.068  INFO 11184 --- [main] com.carbybus.cove.api.ApiApplication     : Starting ApiApplication on zhangjianmin with PID 11184 (D:\Projects\Cove\cove-api\target\classes started by Jimmy in D:\Projects\cove)
2019-04-29 10:22:36.068  INFO 11184 --- [main] com.carbybus.cove.api.ApiApplication     : The following profiles are active: sharding
2019-04-29 10:22:39.339  INFO 11184 --- [main] trationDelegate$BeanPostProcessorChecker : Bean 'org.springframework.transaction.annotation.ProxyTransactionManagementConfiguration' of type [org.springframework.transaction.annotation.ProxyTransactionManagementConfiguration$$EnhancerBySpringCGLIB$$47319400] is not eligible for getting processed by all BeanPostProcessors (for example: not eligible for auto-proxying)
2019-04-29 10:22:40.703  INFO 11184 --- [main] o.s.b.w.embedded.tomcat.TomcatWebServer  : Tomcat initialized with port(s): 8088 (http)
2019-04-29 10:22:40.750  INFO 11184 --- [main] o.apache.catalina.core.StandardService   : Starting service [Tomcat]
2019-04-29 10:22:40.750  INFO 11184 --- [main] org.apache.catalina.core.StandardEngine  : Starting Servlet engine: [Apache Tomcat/9.0.16]
2019-04-29 10:22:40.765  INFO 11184 --- [main] o.a.catalina.core.AprLifecycleListener   : The APR based Apache Tomcat Native library which allows optimal performance in production environments was not found on the java.library.path: [C:\Program Files\Java\jdk1.8.0_152\bin;C:\WINDOWS\Sun\Java\bin;C:\WINDOWS\system32;C:\WINDOWS;C:\Program Files (x86)\NetSarang\Xshell 6\;C:\ProgramData\Oracle\Java\javapath;C:\WINDOWS\system32;C:\WINDOWS;C:\WINDOWS\System32\Wbem;C:\WINDOWS\System32\WindowsPowerShell\v1.0\;C:\Program Files\Microsoft SQL Server\130\Tools\Binn\;C:\Program Files\Microsoft SQL Server\120\Tools\Binn\;C:\Program Files\Microsoft SQL Server\Client SDK\ODBC\110\Tools\Binn\;C:\Program Files (x86)\Microsoft SQL Server\120\Tools\Binn\;C:\Program Files\Microsoft SQL Server\120\DTS\Binn\;C:\Program Files (x86)\Microsoft SQL Server\120\Tools\Binn\ManagementStudio\;C:\Program Files (x86)\Microsoft SQL Server\120\DTS\Binn\;C:\Program Files\dotnet\;C:\Program Files\Git\cmd;C:\Program Files (x86)\dotnet\;C:\WINDOWS\System32\OpenSSH\;C:\Program Files\nodejs\;C:\Users\Jimmy\.dnx\bin;C:\Users\Jimmy\AppData\Local\Microsoft\WindowsApps;C:\Users\Jimmy\AppData\Local\Programs\Fiddler;C:\Users\Jimmy\AppData\Local\Microsoft\WindowsApps;C:\Program Files\Java\jdk1.8.0_152\bin;C:\Program Files\Microsoft VS Code\bin;C:\Program Files\cmder;C:\Program Files\Java\spring-boot-cli-2.0.3\bin;C:\Users\Jimmy\AppData\Local\Programs\Microsoft VS Code\bin;C:\apache-maven-3.6.1\bin;C:\Users\Jimmy\AppData\Roaming\npm;;.]
2019-04-29 10:22:41.020  INFO 11184 --- [main] o.a.c.c.C.[Tomcat].[localhost].[/]       : Initializing Spring embedded WebApplicationContext
2019-04-29 10:22:41.020  INFO 11184 --- [main] o.s.web.context.ContextLoader            : Root WebApplicationContext: initialization completed in 4249 ms
2019-04-29 10:22:41.838  INFO 11184 --- [main] com.zaxxer.hikari.HikariDataSource       : ds_master - Starting...
2019-04-29 10:22:42.184  INFO 11184 --- [main] com.zaxxer.hikari.HikariDataSource       : ds_master - Start completed.
2019-04-29 10:22:42.215  INFO 11184 --- [main] com.zaxxer.hikari.HikariDataSource       : ds_slave1 - Starting...
2019-04-29 10:22:42.246  INFO 11184 --- [main] com.zaxxer.hikari.HikariDataSource       : ds_slave1 - Start completed.
2019-04-29 10:22:45.030  INFO 11184 --- [main] pertySourcedRequestMappingHandlerMapping : Mapped URL path [/v2/api-docs] onto method [public org.springframework.http.ResponseEntity<springfox.documentation.spring.web.json.Json> springfox.documentation.swagger2.web.Swagger2Controller.getDocumentation(java.lang.String,javax.servlet.http.HttpServletRequest)]
2019-04-29 10:22:45.672  INFO 11184 --- [main] d.s.w.p.DocumentationPluginsBootstrapper : Context refreshed
2019-04-29 10:22:45.688  INFO 11184 --- [main] d.s.w.p.DocumentationPluginsBootstrapper : Found 1 custom documentation plugin(s)
2019-04-29 10:22:45.766  INFO 11184 --- [main] s.d.s.w.s.ApiListingReferenceScanner     : Scanning for api listing references
2019-04-29 10:22:45.938  INFO 11184 --- [main] com.zaxxer.hikari.HikariDataSource       : ds_master - Shutdown initiated...
2019-04-29 10:22:45.954  INFO 11184 --- [main] com.zaxxer.hikari.HikariDataSource       : ds_master - Shutdown completed.
2019-04-29 10:22:45.954  INFO 11184 --- [main] com.zaxxer.hikari.HikariDataSource       : ds_slave1 - Shutdown initiated...
2019-04-29 10:22:45.969  INFO 11184 --- [main] com.zaxxer.hikari.HikariDataSource       : ds_slave1 - Shutdown completed.
2019-04-29 10:22:45.987  INFO 11184 --- [main] o.apache.catalina.core.StandardService   : Stopping service [Tomcat]
2019-04-29 10:39:31.461  INFO 3648 --- [main] com.carbybus.cove.api.ApiApplication     : Starting ApiApplication on zhangjianmin with PID 3648 (D:\Projects\Cove\cove-api\target\classes started by Jimmy in D:\Projects\cove)
2019-04-29 10:39:31.461  INFO 3648 --- [main] com.carbybus.cove.api.ApiApplication     : The following profiles are active: develop
2019-04-29 10:39:35.159  INFO 3648 --- [main] trationDelegate$BeanPostProcessorChecker : Bean 'org.springframework.transaction.annotation.ProxyTransactionManagementConfiguration' of type [org.springframework.transaction.annotation.ProxyTransactionManagementConfiguration$$EnhancerBySpringCGLIB$$b6804c4c] is not eligible for getting processed by all BeanPostProcessors (for example: not eligible for auto-proxying)
2019-04-29 10:39:36.112  INFO 3648 --- [main] o.s.b.w.embedded.tomcat.TomcatWebServer  : Tomcat initialized with port(s): 8088 (http)
2019-04-29 10:39:36.175  INFO 3648 --- [main] o.apache.catalina.core.StandardService   : Starting service [Tomcat]
2019-04-29 10:39:36.175  INFO 3648 --- [main] org.apache.catalina.core.StandardEngine  : Starting Servlet engine: [Apache Tomcat/9.0.16]
2019-04-29 10:39:36.331  INFO 3648 --- [main] o.a.catalina.core.AprLifecycleListener   : The APR based Apache Tomcat Native library which allows optimal performance in production environments was not found on the java.library.path: [C:\Program Files\Java\jdk1.8.0_152\bin;C:\WINDOWS\Sun\Java\bin;C:\WINDOWS\system32;C:\WINDOWS;C:\Program Files (x86)\NetSarang\Xshell 6\;C:\ProgramData\Oracle\Java\javapath;C:\WINDOWS\system32;C:\WINDOWS;C:\WINDOWS\System32\Wbem;C:\WINDOWS\System32\WindowsPowerShell\v1.0\;C:\Program Files\Microsoft SQL Server\130\Tools\Binn\;C:\Program Files\Microsoft SQL Server\120\Tools\Binn\;C:\Program Files\Microsoft SQL Server\Client SDK\ODBC\110\Tools\Binn\;C:\Program Files (x86)\Microsoft SQL Server\120\Tools\Binn\;C:\Program Files\Microsoft SQL Server\120\DTS\Binn\;C:\Program Files (x86)\Microsoft SQL Server\120\Tools\Binn\ManagementStudio\;C:\Program Files (x86)\Microsoft SQL Server\120\DTS\Binn\;C:\Program Files\dotnet\;C:\Program Files\Git\cmd;C:\Program Files (x86)\dotnet\;C:\WINDOWS\System32\OpenSSH\;C:\Program Files\nodejs\;C:\Users\Jimmy\.dnx\bin;C:\Users\Jimmy\AppData\Local\Microsoft\WindowsApps;C:\Users\Jimmy\AppData\Local\Programs\Fiddler;C:\Users\Jimmy\AppData\Local\Microsoft\WindowsApps;C:\Program Files\Java\jdk1.8.0_152\bin;C:\Program Files\Microsoft VS Code\bin;C:\Program Files\cmder;C:\Program Files\Java\spring-boot-cli-2.0.3\bin;C:\Users\Jimmy\AppData\Local\Programs\Microsoft VS Code\bin;C:\apache-maven-3.6.1\bin;C:\Users\Jimmy\AppData\Roaming\npm;;.]
2019-04-29 10:39:36.519  INFO 3648 --- [main] o.a.c.c.C.[Tomcat].[localhost].[/]       : Initializing Spring embedded WebApplicationContext
2019-04-29 10:39:36.519  INFO 3648 --- [main] o.s.web.context.ContextLoader            : Root WebApplicationContext: initialization completed in 4839 ms
2019-04-29 10:39:36.675  INFO 3648 --- [main] o.apache.catalina.core.StandardService   : Stopping service [Tomcat]
2019-04-29 10:40:23.964  INFO 6296 --- [main] com.carbybus.cove.api.ApiApplication     : Starting ApiApplication on zhangjianmin with PID 6296 (D:\Projects\Cove\cove-api\target\classes started by Jimmy in D:\Projects\cove)
2019-04-29 10:40:23.964  INFO 6296 --- [main] com.carbybus.cove.api.ApiApplication     : The following profiles are active: develop
2019-04-29 10:40:27.511  INFO 6296 --- [main] trationDelegate$BeanPostProcessorChecker : Bean 'org.springframework.transaction.annotation.ProxyTransactionManagementConfiguration' of type [org.springframework.transaction.annotation.ProxyTransactionManagementConfiguration$$EnhancerBySpringCGLIB$$80007fa2] is not eligible for getting processed by all BeanPostProcessors (for example: not eligible for auto-proxying)
2019-04-29 10:40:28.563  INFO 6296 --- [main] o.s.b.w.embedded.tomcat.TomcatWebServer  : Tomcat initialized with port(s): 8088 (http)
2019-04-29 10:40:28.766  INFO 6296 --- [main] o.apache.catalina.core.StandardService   : Starting service [Tomcat]
2019-04-29 10:40:28.766  INFO 6296 --- [main] org.apache.catalina.core.StandardEngine  : Starting Servlet engine: [Apache Tomcat/9.0.16]
2019-04-29 10:40:28.782  INFO 6296 --- [main] o.a.catalina.core.AprLifecycleListener   : The APR based Apache Tomcat Native library which allows optimal performance in production environments was not found on the java.library.path: [C:\Program Files\Java\jdk1.8.0_152\bin;C:\WINDOWS\Sun\Java\bin;C:\WINDOWS\system32;C:\WINDOWS;C:\Program Files (x86)\NetSarang\Xshell 6\;C:\ProgramData\Oracle\Java\javapath;C:\WINDOWS\system32;C:\WINDOWS;C:\WINDOWS\System32\Wbem;C:\WINDOWS\System32\WindowsPowerShell\v1.0\;C:\Program Files\Microsoft SQL Server\130\Tools\Binn\;C:\Program Files\Microsoft SQL Server\120\Tools\Binn\;C:\Program Files\Microsoft SQL Server\Client SDK\ODBC\110\Tools\Binn\;C:\Program Files (x86)\Microsoft SQL Server\120\Tools\Binn\;C:\Program Files\Microsoft SQL Server\120\DTS\Binn\;C:\Program Files (x86)\Microsoft SQL Server\120\Tools\Binn\ManagementStudio\;C:\Program Files (x86)\Microsoft SQL Server\120\DTS\Binn\;C:\Program Files\dotnet\;C:\Program Files\Git\cmd;C:\Program Files (x86)\dotnet\;C:\WINDOWS\System32\OpenSSH\;C:\Program Files\nodejs\;C:\Users\Jimmy\.dnx\bin;C:\Users\Jimmy\AppData\Local\Microsoft\WindowsApps;C:\Users\Jimmy\AppData\Local\Programs\Fiddler;C:\Users\Jimmy\AppData\Local\Microsoft\WindowsApps;C:\Program Files\Java\jdk1.8.0_152\bin;C:\Program Files\Microsoft VS Code\bin;C:\Program Files\cmder;C:\Program Files\Java\spring-boot-cli-2.0.3\bin;C:\Users\Jimmy\AppData\Local\Programs\Microsoft VS Code\bin;C:\apache-maven-3.6.1\bin;C:\Users\Jimmy\AppData\Roaming\npm;;.]
2019-04-29 10:40:29.000  INFO 6296 --- [main] o.a.c.c.C.[Tomcat].[localhost].[/]       : Initializing Spring embedded WebApplicationContext
2019-04-29 10:40:29.000  INFO 6296 --- [main] o.s.web.context.ContextLoader            : Root WebApplicationContext: initialization completed in 4802 ms
2019-04-29 10:40:29.516  INFO 6296 --- [main] com.zaxxer.hikari.HikariDataSource       : HikariPool-1 - Starting...
2019-04-29 10:40:29.891  INFO 6296 --- [main] com.zaxxer.hikari.HikariDataSource       : HikariPool-1 - Start completed.
2019-04-29 10:40:32.047  INFO 6296 --- [main] pertySourcedRequestMappingHandlerMapping : Mapped URL path [/v2/api-docs] onto method [public org.springframework.http.ResponseEntity<springfox.documentation.spring.web.json.Json> springfox.documentation.swagger2.web.Swagger2Controller.getDocumentation(java.lang.String,javax.servlet.http.HttpServletRequest)]
2019-04-29 10:40:32.594  INFO 6296 --- [main] d.s.w.p.DocumentationPluginsBootstrapper : Context refreshed
2019-04-29 10:40:32.656  INFO 6296 --- [main] d.s.w.p.DocumentationPluginsBootstrapper : Found 1 custom documentation plugin(s)
2019-04-29 10:40:32.719  INFO 6296 --- [main] s.d.s.w.s.ApiListingReferenceScanner     : Scanning for api listing references
2019-04-29 10:40:33.125  INFO 6296 --- [main] o.s.b.w.embedded.tomcat.TomcatWebServer  : Tomcat started on port(s): 8088 (http) with context path ''
2019-04-29 10:40:33.141  INFO 6296 --- [main] com.carbybus.cove.api.ApiApplication     : Started ApiApplication in 10.271 seconds (JVM running for 12.533)
2019-04-29 10:41:33.968  INFO 6296 --- [http-nio-8088-exec-9] o.a.c.c.C.[Tomcat].[localhost].[/]       : Initializing Spring DispatcherServlet 'dispatcherServlet'
2019-04-29 10:41:33.968  INFO 6296 --- [http-nio-8088-exec-9] o.s.web.servlet.DispatcherServlet        : Initializing Servlet 'dispatcherServlet'
2019-04-29 10:41:34.002  INFO 6296 --- [http-nio-8088-exec-9] o.s.web.servlet.DispatcherServlet        : Completed initialization in 34 ms
