2019-04-29 09:57:59.725 ERROR 7424 --- [main] o.s.b.d.LoggingFailureAnalysisReporter   : 

***************************
APPLICATION FAILED TO START
***************************

Description:

An attempt was made to call the method com.google.common.collect.FluentIterable.concat(Ljava/lang/Iterable;Ljava/lang/Iterable;)Lcom/google/common/collect/FluentIterable; but it does not exist. Its class, com.google.common.collect.FluentIterable, is available from the following locations:

    jar:file:/C:/Users/Jimmy/.m2/repository/com/google/guava/guava/18.0/guava-18.0.jar!/com/google/common/collect/FluentIterable.class

It was loaded from the following location:

    file:/C:/Users/Jimmy/.m2/repository/com/google/guava/guava/18.0/guava-18.0.jar


Action:

Correct the classpath of your application so that it contains a single, compatible version of com.google.common.collect.FluentIterable

2019-04-29 10:19:53.099 ERROR 10408 --- [main] o.s.b.d.LoggingFailureAnalysisReporter   : 

***************************
APPLICATION FAILED TO START
***************************

Description:

An attempt was made to call the method com.google.common.collect.FluentIterable.concat(Ljava/lang/Iterable;Ljava/lang/Iterable;)Lcom/google/common/collect/FluentIterable; but it does not exist. Its class, com.google.common.collect.FluentIterable, is available from the following locations:

    jar:file:/C:/Users/Jimmy/.m2/repository/com/google/guava/guava/18.0/guava-18.0.jar!/com/google/common/collect/FluentIterable.class

It was loaded from the following location:

    file:/C:/Users/Jimmy/.m2/repository/com/google/guava/guava/18.0/guava-18.0.jar


Action:

Correct the classpath of your application so that it contains a single, compatible version of com.google.common.collect.FluentIterable

2019-04-29 10:22:46.067 ERROR 11184 --- [main] o.s.b.d.LoggingFailureAnalysisReporter   : 

***************************
APPLICATION FAILED TO START
***************************

Description:

An attempt was made to call the method com.google.common.collect.FluentIterable.concat(Ljava/lang/Iterable;Ljava/lang/Iterable;)Lcom/google/common/collect/FluentIterable; but it does not exist. Its class, com.google.common.collect.FluentIterable, is available from the following locations:

    jar:file:/C:/Users/Jimmy/.m2/repository/com/google/guava/guava/18.0/guava-18.0.jar!/com/google/common/collect/FluentIterable.class

It was loaded from the following location:

    file:/C:/Users/Jimmy/.m2/repository/com/google/guava/guava/18.0/guava-18.0.jar


Action:

Correct the classpath of your application so that it contains a single, compatible version of com.google.common.collect.FluentIterable

2019-04-29 10:39:36.816 ERROR 3648 --- [main] o.s.b.d.LoggingFailureAnalysisReporter   : 

***************************
APPLICATION FAILED TO START
***************************

Description:

The dependencies of some of the beans in the application context form a cycle:

┌─────┐
|  myBatisPlusConfig defined in file [D:\Projects\Cove\cove-api\target\classes\com\carbybus\cove\api\config\MyBatisPlusConfig.class]
└─────┘


2019-04-29 11:55:08.282 ERROR 2868 --- [main] o.s.b.d.LoggingFailureAnalysisReporter   : 

***************************
APPLICATION FAILED TO START
***************************

Description:

Field config in com.carbybus.cove.api.config.MvcAutoConfiguration required a bean of type 'com.carbybus.infrastructure.configuration.UniteConfig' that could not be found.

The injection point has the following annotations:
	- @org.springframework.beans.factory.annotation.Autowired(required=true)


Action:

Consider defining a bean of type 'com.carbybus.infrastructure.configuration.UniteConfig' in your configuration.

2019-04-29 13:45:59.522 ERROR 12104 --- [main] o.s.b.d.LoggingFailureAnalysisReporter   : 

***************************
APPLICATION FAILED TO START
***************************

Description:

Failed to bind properties under 'spring.jackson.serialization' to java.util.Map<com.fasterxml.jackson.databind.SerializationFeature, java.lang.Boolean>:

    Reason: failed to convert java.lang.String to com.fasterxml.jackson.databind.SerializationFeature

Action:

Update your application's configuration. The following values are valid:

    CLOSE_CLOSEABLE
    EAGER_SERIALIZER_FETCH
    FAIL_ON_EMPTY_BEANS
    FAIL_ON_SELF_REFERENCES
    FAIL_ON_UNWRAPPED_TYPE_IDENTIFIERS
    FLUSH_AFTER_WRITE_VALUE
    INDENT_OUTPUT
    ORDER_MAP_ENTRIES_BY_KEYS
    USE_EQUALITY_FOR_OBJECT_ID
    WRAP_EXCEPTIONS
    WRAP_ROOT_VALUE
    WRITE_BIGDECIMAL_AS_PLAIN
    WRITE_CHAR_ARRAYS_AS_JSON_ARRAYS
    WRITE_DATES_AS_TIMESTAMPS
    WRITE_DATES_WITH_ZONE_ID
    WRITE_DATE_KEYS_AS_TIMESTAMPS
    WRITE_DATE_TIMESTAMPS_AS_NANOSECONDS
    WRITE_DURATIONS_AS_TIMESTAMPS
    WRITE_EMPTY_JSON_ARRAYS
    WRITE_ENUMS_USING_INDEX
    WRITE_ENUMS_USING_TO_STRING
    WRITE_NULL_MAP_VALUES
    WRITE_SINGLE_ELEM_ARRAYS_UNWRAPPED

2019-04-29 13:47:05.491 ERROR 10012 --- [main] o.s.b.d.LoggingFailureAnalysisReporter   : 

***************************
APPLICATION FAILED TO START
***************************

Description:

Failed to bind properties under 'spring.jackson.serialization' to java.util.Map<com.fasterxml.jackson.databind.SerializationFeature, java.lang.Boolean>:

    Reason: failed to convert java.lang.String to com.fasterxml.jackson.databind.SerializationFeature

Action:

Update your application's configuration. The following values are valid:

    CLOSE_CLOSEABLE
    EAGER_SERIALIZER_FETCH
    FAIL_ON_EMPTY_BEANS
    FAIL_ON_SELF_REFERENCES
    FAIL_ON_UNWRAPPED_TYPE_IDENTIFIERS
    FLUSH_AFTER_WRITE_VALUE
    INDENT_OUTPUT
    ORDER_MAP_ENTRIES_BY_KEYS
    USE_EQUALITY_FOR_OBJECT_ID
    WRAP_EXCEPTIONS
    WRAP_ROOT_VALUE
    WRITE_BIGDECIMAL_AS_PLAIN
    WRITE_CHAR_ARRAYS_AS_JSON_ARRAYS
    WRITE_DATES_AS_TIMESTAMPS
    WRITE_DATES_WITH_ZONE_ID
    WRITE_DATE_KEYS_AS_TIMESTAMPS
    WRITE_DATE_TIMESTAMPS_AS_NANOSECONDS
    WRITE_DURATIONS_AS_TIMESTAMPS
    WRITE_EMPTY_JSON_ARRAYS
    WRITE_ENUMS_USING_INDEX
    WRITE_ENUMS_USING_TO_STRING
    WRITE_NULL_MAP_VALUES
    WRITE_SINGLE_ELEM_ARRAYS_UNWRAPPED

